This is XeTeX, Version 3.141592653-2.6-0.999996 (TeX Live 2024) (preloaded format=xelatex 2025.1.8)  20 JUL 2026 12:22
entering extended mode
 restricted \write18 enabled.
 %&-line parsing enabled.
**bookdown-demo.tex
(./bookdown-demo.tex
LaTeX2e <2024-11-01> patch level 1
L3 programming layer <2024-12-25>
(/Users/gepolianochaves/Library/TinyTeX/texmf-dist/tex/latex/base/book.cls
Document Class: book 2024/06/29 v1.4n Standard LaTeX document class
(/Users/gepolianochaves/Library/TinyTeX/texmf-dist/tex/latex/base/bk10.clo
File: bk10.clo 2024/06/29 v1.4n Standard LaTeX file (size option)
)
\c@part=\count192
\c@chapter=\count193
\c@section=\count194
\c@subsection=\count195
\c@subsubsection=\count196
\c@paragraph=\count197
\c@subparagraph=\count198
\c@figure=\count199
\c@table=\count266
\abovecaptionskip=\skip49
\belowcaptionskip=\skip50
\bibindent=\dimen141
) (/Users/gepolianochaves/Library/TinyTeX/texmf-dist/tex/latex/amsmath/amsmath.sty
Package: amsmath 2024/11/05 v2.17t AMS math features
\@mathmargin=\skip51
For additional information on amsmath, use the `?' option.
(/Users/gepolianochaves/Library/TinyTeX/texmf-dist/tex/latex/amsmath/amstext.sty
Package: amstext 2021/08/26 v2.01 AMS text
(/Users/gepolianochaves/Library/TinyTeX/texmf-dist/tex/latex/amsmath/amsgen.sty
File: amsgen.sty 1999/11/30 v2.0 generic functions
\@emptytoks=\toks17
\ex@=\dimen142
)) (/Users/gepolianochaves/Library/TinyTeX/texmf-dist/tex/latex/amsmath/amsbsy.sty
Package: amsbsy 1999/11/29 v1.2d Bold Symbols
\pmbraise@=\dimen143
) (/Users/gepolianochaves/Library/TinyTeX/texmf-dist/tex/latex/amsmath/amsopn.sty
Package: amsopn 2022/04/08 v2.04 operator names
)
\inf@bad=\count267
LaTeX Info: Redefining \frac on input line 233.
\uproot@=\count268
\leftroot@=\count269
LaTeX Info: Redefining \overline on input line 398.
LaTeX Info: Redefining \colon on input line 409.
\classnum@=\count270
\DOTSCASE@=\count271
LaTeX Info: Redefining \ldots on input line 495.
LaTeX Info: Redefining \dots on input line 498.
LaTeX Info: Redefining \cdots on input line 619.
\Mathstrutbox@=\box52
\strutbox@=\box53
LaTeX Info: Redefining \big on input line 721.
LaTeX Info: Redefining \Big on input line 722.
LaTeX Info: Redefining \bigg on input line 723.
LaTeX Info: Redefining \Bigg on input line 724.
\big@size=\dimen144
LaTeX Font Info:    Redeclaring font encoding OML on input line 742.
LaTeX Font Info:    Redeclaring font encoding OMS on input line 743.
\macc@depth=\count272
LaTeX Info: Redefining \bmod on input line 904.
LaTeX Info: Redefining \pmod on input line 909.
LaTeX Info: Redefining \smash on input line 939.
LaTeX Info: Redefining \relbar on input line 969.
LaTeX Info: Redefining \Relbar on input line 970.
\c@MaxMatrixCols=\count273
\dotsspace@=\muskip17
\c@parentequation=\count274
\dspbrk@lvl=\count275
\tag@help=\toks18
\row@=\count276
\column@=\count277
\maxfields@=\count278
\andhelp@=\toks19
\eqnshift@=\dimen145
\alignsep@=\dimen146
\tagshift@=\dimen147
\tagwidth@=\dimen148
\totwidth@=\dimen149
\lineht@=\dimen150
\@envbody=\toks20
\multlinegap=\skip52
\multlinetaggap=\skip53
\mathdisplay@stack=\toks21
LaTeX Info: Redefining \[ on input line 2953.
LaTeX Info: Redefining \] on input line 2954.
) (/Users/gepolianochaves/Library/TinyTeX/texmf-dist/tex/latex/amsfonts/amssymb.sty
Package: amssymb 2013/01/14 v3.01 AMS font symbols
(/Users/gepolianochaves/Library/TinyTeX/texmf-dist/tex/latex/amsfonts/amsfonts.sty
Package: amsfonts 2013/01/14 v3.01 Basic AMSFonts support
\symAMSa=\mathgroup4
\symAMSb=\mathgroup5
LaTeX Font Info:    Redeclaring math symbol \hbar on input line 98.
LaTeX Font Info:    Overwriting math alphabet `\mathfrak' in version `bold'
(Font)                  U/euf/m/n --> U/euf/b/n on input line 106.
)) (/Users/gepolianochaves/Library/TinyTeX/texmf-dist/tex/generic/iftex/iftex.sty
Package: iftex 2024/12/12 v1.0g TeX engine tests
) (/Users/gepolianochaves/Library/TinyTeX/texmf-dist/tex/latex/unicode-math/unicode-math.sty (/Users/gepolianochaves/Library/TinyTeX/texmf-dist/tex/latex/l3kernel/expl3.sty
Package: expl3 2024-12-25 L3 programming layer (loader) 
(/Users/gepolianochaves/Library/TinyTeX/texmf-dist/tex/latex/l3backend/l3backend-xetex.def
File: l3backend-xetex.def 2024-05-08 L3 backend support: XeTeX
\g__graphics_track_int=\count279
\l__pdf_internal_box=\box54
\g__pdf_backend_annotation_int=\count280
\g__pdf_backend_link_int=\count281
))
Package: unicode-math 2023/08/13 v0.8r Unicode maths in XeLaTeX and LuaLaTeX
(/Users/gepolianochaves/Library/TinyTeX/texmf-dist/tex/latex/unicode-math/unicode-math-xetex.sty
Package: unicode-math-xetex 2023/08/13 v0.8r Unicode maths in XeLaTeX and LuaLaTeX
(/Users/gepolianochaves/Library/TinyTeX/texmf-dist/tex/latex/l3packages/xparse/xparse.sty
Package: xparse 2024-08-16 L3 Experimental document command parser
) (/Users/gepolianochaves/Library/TinyTeX/texmf-dist/tex/latex/l3packages/l3keys2e/l3keys2e.sty
Package: l3keys2e 2024-08-16 LaTeX2e option processing using LaTeX3 keys
) (/Users/gepolianochaves/Library/TinyTeX/texmf-dist/tex/latex/fontspec/fontspec.sty
Package: fontspec 2024/05/11 v2.9e Font selection for XeLaTeX and LuaLaTeX
(/Users/gepolianochaves/Library/TinyTeX/texmf-dist/tex/latex/fontspec/fontspec-xetex.sty
Package: fontspec-xetex 2024/05/11 v2.9e Font selection for XeLaTeX and LuaLaTeX
\l__fontspec_script_int=\count282
\l__fontspec_language_int=\count283
\l__fontspec_strnum_int=\count284
\l__fontspec_tmp_int=\count285
\l__fontspec_tmpa_int=\count286
\l__fontspec_tmpb_int=\count287
\l__fontspec_tmpc_int=\count288
\l__fontspec_em_int=\count289
\l__fontspec_emdef_int=\count290
\l__fontspec_strong_int=\count291
\l__fontspec_strongdef_int=\count292
\l__fontspec_tmpa_dim=\dimen151
\l__fontspec_tmpb_dim=\dimen152
\l__fontspec_tmpc_dim=\dimen153
(/Users/gepolianochaves/Library/TinyTeX/texmf-dist/tex/latex/base/fontenc.sty
Package: fontenc 2021/04/29 v2.0v Standard LaTeX package
) (/Users/gepolianochaves/Library/TinyTeX/texmf-dist/tex/latex/fontspec/fontspec.cfg))) (/Users/gepolianochaves/Library/TinyTeX/texmf-dist/tex/latex/base/fix-cm.sty
Package: fix-cm 2020/11/24 v1.1t fixes to LaTeX
(/Users/gepolianochaves/Library/TinyTeX/texmf-dist/tex/latex/base/ts1enc.def
File: ts1enc.def 2001/06/05 v3.0e (jk/car/fm) Standard LaTeX file
LaTeX Font Info:    Redeclaring font encoding TS1 on input line 47.
))
\g__um_fam_int=\count293
\g__um_fonts_used_int=\count294
\l__um_primecount_int=\count295
\g__um_primekern_muskip=\muskip18
(/Users/gepolianochaves/Library/TinyTeX/texmf-dist/tex/latex/unicode-math/unicode-math-table.tex))) (/Users/gepolianochaves/Library/TinyTeX/texmf-dist/tex/latex/lm/lmodern.sty
Package: lmodern 2015/05/01 v1.6.1 Latin Modern Fonts
LaTeX Font Info:    Overwriting symbol font `operators' in version `normal'
(Font)                  OT1/cmr/m/n --> OT1/lmr/m/n on input line 22.
LaTeX Font Info:    Overwriting symbol font `letters' in version `normal'
(Font)                  OML/cmm/m/it --> OML/lmm/m/it on input line 23.
LaTeX Font Info:    Overwriting symbol font `symbols' in version `normal'
(Font)                  OMS/cmsy/m/n --> OMS/lmsy/m/n on input line 24.
LaTeX Font Info:    Overwriting symbol font `largesymbols' in version `normal'
(Font)                  OMX/cmex/m/n --> OMX/lmex/m/n on input line 25.
LaTeX Font Info:    Overwriting symbol font `operators' in version `bold'
(Font)                  OT1/cmr/bx/n --> OT1/lmr/bx/n on input line 26.
LaTeX Font Info:    Overwriting symbol font `letters' in version `bold'
(Font)                  OML/cmm/b/it --> OML/lmm/b/it on input line 27.
LaTeX Font Info:    Overwriting symbol font `symbols' in version `bold'
(Font)                  OMS/cmsy/b/n --> OMS/lmsy/b/n on input line 28.
LaTeX Font Info:    Overwriting symbol font `largesymbols' in version `bold'
(Font)                  OMX/cmex/m/n --> OMX/lmex/m/n on input line 29.
LaTeX Font Info:    Overwriting math alphabet `\mathbf' in version `normal'
(Font)                  OT1/cmr/bx/n --> OT1/lmr/bx/n on input line 31.
LaTeX Font Info:    Overwriting math alphabet `\mathsf' in version `normal'
(Font)                  OT1/cmss/m/n --> OT1/lmss/m/n on input line 32.
LaTeX Font Info:    Overwriting math alphabet `\mathit' in version `normal'
(Font)                  OT1/cmr/m/it --> OT1/lmr/m/it on input line 33.
LaTeX Font Info:    Overwriting math alphabet `\mathtt' in version `normal'
(Font)                  OT1/cmtt/m/n --> OT1/lmtt/m/n on input line 34.
LaTeX Font Info:    Overwriting math alphabet `\mathbf' in version `bold'
(Font)                  OT1/cmr/bx/n --> OT1/lmr/bx/n on input line 35.
LaTeX Font Info:    Overwriting math alphabet `\mathsf' in version `bold'
(Font)                  OT1/cmss/bx/n --> OT1/lmss/bx/n on input line 36.
LaTeX Font Info:    Overwriting math alphabet `\mathit' in version `bold'
(Font)                  OT1/cmr/bx/it --> OT1/lmr/bx/it on input line 37.
LaTeX Font Info:    Overwriting math alphabet `\mathtt' in version `bold'
(Font)                  OT1/cmtt/m/n --> OT1/lmtt/m/n on input line 38.
) (/Users/gepolianochaves/Library/TinyTeX/texmf-dist/tex/latex/upquote/upquote.sty
Package: upquote 2012/04/19 v1.3 upright-quote and grave-accent glyphs in verbatim
(/Users/gepolianochaves/Library/TinyTeX/texmf-dist/tex/latex/base/textcomp.sty
Package: textcomp 2024/04/24 v2.1b Standard LaTeX package
)) (/Users/gepolianochaves/Library/TinyTeX/texmf-dist/tex/latex/microtype/microtype.sty
Package: microtype 2024/12/12 v3.2 Micro-typographical refinements (RS)
(/Users/gepolianochaves/Library/TinyTeX/texmf-dist/tex/latex/graphics/keyval.sty
Package: keyval 2022/05/29 v1.15 key=value parser (DPC)
\KV@toks@=\toks22
) (/Users/gepolianochaves/Library/TinyTeX/texmf-dist/tex/latex/etoolbox/etoolbox.sty
Package: etoolbox 2020/10/05 v2.5k e-TeX tools for LaTeX (JAW)
\etb@tempcnta=\count296
)
\MT@toks=\toks23
\MT@tempbox=\box55
\MT@count=\count297
LaTeX Info: Redefining \noprotrusionifhmode on input line 1075.
LaTeX Info: Redefining \leftprotrusion on input line 1076.
\MT@prot@toks=\toks24
LaTeX Info: Redefining \rightprotrusion on input line 1095.
LaTeX Info: Redefining \textls on input line 1437.
\MT@outer@kern=\dimen154
LaTeX Info: Redefining \microtypecontext on input line 2041.
LaTeX Info: Redefining \textmicrotypecontext on input line 2058.
\MT@listname@count=\count298
(/Users/gepolianochaves/Library/TinyTeX/texmf-dist/tex/latex/microtype/microtype-xetex.def
File: microtype-xetex.def 2024/12/12 v3.2 Definitions specific to xetex (RS)
LaTeX Info: Redefining \lsstyle on input line 443.
LaTeX Info: Redefining \lslig on input line 451.
\MT@outer@space=\skip54
)
Package microtype Info: Loading configuration file microtype.cfg.
(/Users/gepolianochaves/Library/TinyTeX/texmf-dist/tex/latex/microtype/microtype.cfg
File: microtype.cfg 2024/12/12 v3.2 microtype main configuration file (RS)
)
LaTeX Info: Redefining \microtypesetup on input line 3053.
) (/Users/gepolianochaves/Library/TinyTeX/texmf-dist/tex/latex/xcolor/xcolor.sty
Package: xcolor 2024/09/29 v3.02 LaTeX color extensions (UK)
(/Users/gepolianochaves/Library/TinyTeX/texmf-dist/tex/latex/graphics-cfg/color.cfg
File: color.cfg 2016/01/02 v1.6 sample color configuration
)
Package xcolor Info: Driver file: xetex.def on input line 274.
(/Users/gepolianochaves/Library/TinyTeX/texmf-dist/tex/latex/graphics-def/xetex.def
File: xetex.def 2022/09/22 v5.0n Graphics/color driver for xetex
) (/Users/gepolianochaves/Library/TinyTeX/texmf-dist/tex/latex/graphics/mathcolor.ltx)
Package xcolor Info: Model `cmy' substituted by `cmy0' on input line 1349.
Package xcolor Info: Model `RGB' extended on input line 1365.
Package xcolor Info: Model `HTML' substituted by `rgb' on input line 1367.
Package xcolor Info: Model `Hsb' substituted by `hsb' on input line 1368.
Package xcolor Info: Model `tHsb' substituted by `hsb' on input line 1369.
Package xcolor Info: Model `HSB' substituted by `hsb' on input line 1370.
Package xcolor Info: Model `Gray' substituted by `gray' on input line 1371.
Package xcolor Info: Model `wave' substituted by `hsb' on input line 1372.
) (/Users/gepolianochaves/Library/TinyTeX/texmf-dist/tex/latex/fancyvrb/fancyvrb.sty
Package: fancyvrb 2024/01/20 4.5c verbatim text (tvz,hv)
\FV@CodeLineNo=\count299
\FV@InFile=\read2
\FV@TabBox=\box56
\c@FancyVerbLine=\count300
\FV@StepNumber=\count301
\FV@OutFile=\write3
) (/Users/gepolianochaves/Library/TinyTeX/texmf-dist/tex/latex/framed/framed.sty
Package: framed 2011/10/22 v 0.96: framed or shaded text with page breaks
\OuterFrameSep=\skip55
\fb@frw=\dimen155
\fb@frh=\dimen156
\FrameRule=\dimen157
\FrameSep=\dimen158
) (/Users/gepolianochaves/Library/TinyTeX/texmf-dist/tex/latex/tools/longtable.sty
Package: longtable 2024-10-27 v4.22 Multi-page Table package (DPC)
\LTleft=\skip56
\LTright=\skip57
\LTpre=\skip58
\LTpost=\skip59
\LTchunksize=\count302
\LTcapwidth=\dimen159
\LT@head=\box57
\LT@firsthead=\box58
\LT@foot=\box59
\LT@lastfoot=\box60
\LT@gbox=\box61
\LT@cols=\count303
\LT@rows=\count304
\c@LT@tables=\count305
\c@LT@chunks=\count306
\LT@p@ftn=\toks25
) (/Users/gepolianochaves/Library/TinyTeX/texmf-dist/tex/latex/booktabs/booktabs.sty
Package: booktabs 2020/01/12 v1.61803398 Publication quality tables
\heavyrulewidth=\dimen160
\lightrulewidth=\dimen161
\cmidrulewidth=\dimen162
\belowrulesep=\dimen163
\belowbottomsep=\dimen164
\aboverulesep=\dimen165
\abovetopsep=\dimen166
\cmidrulesep=\dimen167
\cmidrulekern=\dimen168
\defaultaddspace=\dimen169
\@cmidla=\count307
\@cmidlb=\count308
\@aboverulesep=\dimen170
\@belowrulesep=\dimen171
\@thisruleclass=\count309
\@lastruleclass=\count310
\@thisrulewidth=\dimen172
) (/Users/gepolianochaves/Library/TinyTeX/texmf-dist/tex/latex/tools/array.sty
Package: array 2024/10/17 v2.6g Tabular extension package (FMi)
\col@sep=\dimen173
\ar@mcellbox=\box62
\extrarowheight=\dimen174
\NC@list=\toks26
\extratabsurround=\skip60
\backup@length=\skip61
\ar@cellbox=\box63
) (/Users/gepolianochaves/Library/TinyTeX/texmf-dist/tex/latex/tools/calc.sty
Package: calc 2023/07/08 v4.3 Infix arithmetic (KKT,FJ)
\calc@Acount=\count311
\calc@Bcount=\count312
\calc@Adimen=\dimen175
\calc@Bdimen=\dimen176
\calc@Askip=\skip62
\calc@Bskip=\skip63
LaTeX Info: Redefining \setlength on input line 80.
LaTeX Info: Redefining \addtolength on input line 81.
\calc@Ccount=\count313
\calc@Cskip=\skip64
) (/Users/gepolianochaves/Library/TinyTeX/texmf-dist/tex/latex/mdwtools/footnote.sty
Package: footnote 1997/01/28 1.13 Save footnotes around boxes
\fn@notes=\box64
\fn@width=\dimen177
) (/Users/gepolianochaves/Library/TinyTeX/texmf-dist/tex/latex/graphics/graphicx.sty
Package: graphicx 2021/09/16 v1.2d Enhanced LaTeX Graphics (DPC,SPQR)
(/Users/gepolianochaves/Library/TinyTeX/texmf-dist/tex/latex/graphics/graphics.sty
Package: graphics 2024/08/06 v1.4g Standard LaTeX Graphics (DPC,SPQR)
(/Users/gepolianochaves/Library/TinyTeX/texmf-dist/tex/latex/graphics/trig.sty
Package: trig 2023/12/02 v1.11 sin cos tan (DPC)
) (/Users/gepolianochaves/Library/TinyTeX/texmf-dist/tex/latex/graphics-cfg/graphics.cfg
File: graphics.cfg 2016/06/04 v1.11 sample graphics configuration
)
Package graphics Info: Driver file: xetex.def on input line 106.
)
\Gin@req@height=\dimen178
\Gin@req@width=\dimen179
)
\pandoc@box=\box65
(/Users/gepolianochaves/Library/TinyTeX/texmf-dist/tex/latex/amscls/amsthm.sty
Package: amsthm 2020/05/29 v2.20.6
\thm@style=\toks27
\thm@bodyfont=\toks28
\thm@headfont=\toks29
\thm@notefont=\toks30
\thm@headpunct=\toks31
\thm@preskip=\skip65
\thm@postskip=\skip66
\thm@headsep=\skip67
\dth@everypar=\toks32
) (/Users/gepolianochaves/Library/TinyTeX/texmf-dist/tex/latex/natbib/natbib.sty
Package: natbib 2010/09/13 8.31b (PWD, AO)
\bibhang=\skip68
\bibsep=\skip69
LaTeX Info: Redefining \cite on input line 694.
\c@NAT@ctr=\count314
) (/Users/gepolianochaves/Library/TinyTeX/texmf-dist/tex/latex/bookmark/bookmark.sty
Package: bookmark 2023-12-10 v1.31 PDF bookmarks (HO)
(/Users/gepolianochaves/Library/TinyTeX/texmf-dist/tex/latex/hyperref/hyperref.sty
Package: hyperref 2024-11-05 v7.01l Hypertext links for LaTeX
(/Users/gepolianochaves/Library/TinyTeX/texmf-dist/tex/latex/kvsetkeys/kvsetkeys.sty
Package: kvsetkeys 2022-10-05 v1.19 Key value parser (HO)
) (/Users/gepolianochaves/Library/TinyTeX/texmf-dist/tex/generic/kvdefinekeys/kvdefinekeys.sty
Package: kvdefinekeys 2019-12-19 v1.6 Define keys (HO)
) (/Users/gepolianochaves/Library/TinyTeX/texmf-dist/tex/generic/pdfescape/pdfescape.sty
Package: pdfescape 2019/12/09 v1.15 Implements pdfTeX's escape features (HO)
(/Users/gepolianochaves/Library/TinyTeX/texmf-dist/tex/generic/ltxcmds/ltxcmds.sty
Package: ltxcmds 2023-12-04 v1.26 LaTeX kernel commands for general use (HO)
) (/Users/gepolianochaves/Library/TinyTeX/texmf-dist/tex/generic/pdftexcmds/pdftexcmds.sty
Package: pdftexcmds 2020-06-27 v0.33 Utility functions of pdfTeX for LuaTeX (HO)
(/Users/gepolianochaves/Library/TinyTeX/texmf-dist/tex/generic/infwarerr/infwarerr.sty
Package: infwarerr 2019/12/03 v1.5 Providing info/warning/error messages (HO)
)
Package pdftexcmds Info: \pdf@primitive is available.
Package pdftexcmds Info: \pdf@ifprimitive is available.
Package pdftexcmds Info: \pdfdraftmode not found.
)) (/Users/gepolianochaves/Library/TinyTeX/texmf-dist/tex/latex/hycolor/hycolor.sty
Package: hycolor 2020-01-27 v1.10 Color options for hyperref/bookmark (HO)
) (/Users/gepolianochaves/Library/TinyTeX/texmf-dist/tex/latex/hyperref/nameref.sty
Package: nameref 2023-11-26 v2.56 Cross-referencing by name of section
(/Users/gepolianochaves/Library/TinyTeX/texmf-dist/tex/latex/refcount/refcount.sty
Package: refcount 2019/12/15 v3.6 Data extraction from label references (HO)
) (/Users/gepolianochaves/Library/TinyTeX/texmf-dist/tex/generic/gettitlestring/gettitlestring.sty
Package: gettitlestring 2019/12/15 v1.6 Cleanup title references (HO)
(/Users/gepolianochaves/Library/TinyTeX/texmf-dist/tex/latex/kvoptions/kvoptions.sty
Package: kvoptions 2022-06-15 v3.15 Key value format for package options (HO)
))
\c@section@level=\count315
) (/Users/gepolianochaves/Library/TinyTeX/texmf-dist/tex/generic/stringenc/stringenc.sty
Package: stringenc 2019/11/29 v1.12 Convert strings between diff. encodings (HO)
)
\@linkdim=\dimen180
\Hy@linkcounter=\count316
\Hy@pagecounter=\count317
(/Users/gepolianochaves/Library/TinyTeX/texmf-dist/tex/latex/hyperref/pd1enc.def
File: pd1enc.def 2024-11-05 v7.01l Hyperref: PDFDocEncoding definition (HO)
) (/Users/gepolianochaves/Library/TinyTeX/texmf-dist/tex/generic/intcalc/intcalc.sty
Package: intcalc 2019/12/15 v1.3 Expandable calculations with integers (HO)
)
\Hy@SavedSpaceFactor=\count318
(/Users/gepolianochaves/Library/TinyTeX/texmf-dist/tex/latex/hyperref/puenc.def
File: puenc.def 2024-11-05 v7.01l Hyperref: PDF Unicode definition (HO)
)
Package hyperref Info: Option `unicode' set `true' on input line 4040.
Package hyperref Info: Hyper figures OFF on input line 4157.
Package hyperref Info: Link nesting OFF on input line 4162.
Package hyperref Info: Hyper index ON on input line 4165.
Package hyperref Info: Plain pages OFF on input line 4172.
Package hyperref Info: Backreferencing OFF on input line 4177.
Package hyperref Info: Implicit mode ON; LaTeX internals redefined.
Package hyperref Info: Bookmarks ON on input line 4424.
\c@Hy@tempcnt=\count319
(/Users/gepolianochaves/Library/TinyTeX/texmf-dist/tex/latex/url/url.sty
\Urlmuskip=\muskip19
Package: url 2013/09/16  ver 3.4  Verb mode for urls, etc.
)
LaTeX Info: Redefining \url on input line 4763.
\XeTeXLinkMargin=\dimen181
(/Users/gepolianochaves/Library/TinyTeX/texmf-dist/tex/generic/bitset/bitset.sty
Package: bitset 2019/12/09 v1.3 Handle bit-vector datatype (HO)
(/Users/gepolianochaves/Library/TinyTeX/texmf-dist/tex/generic/bigintcalc/bigintcalc.sty
Package: bigintcalc 2019/12/15 v1.5 Expandable calculations on big integers (HO)
))
\Fld@menulength=\count320
\Field@Width=\dimen182
\Fld@charsize=\dimen183
Package hyperref Info: Hyper figures OFF on input line 6042.
Package hyperref Info: Link nesting OFF on input line 6047.
Package hyperref Info: Hyper index ON on input line 6050.
Package hyperref Info: backreferencing OFF on input line 6057.
Package hyperref Info: Link coloring OFF on input line 6062.
Package hyperref Info: Link coloring with OCG OFF on input line 6067.
Package hyperref Info: PDF/A mode OFF on input line 6072.
(/Users/gepolianochaves/Library/TinyTeX/texmf-dist/tex/latex/base/atbegshi-ltx.sty
Package: atbegshi-ltx 2021/01/10 v1.0c Emulation of the original atbegshi
package with kernel methods
)
\Hy@abspage=\count321
\c@Item=\count322
\c@Hfootnote=\count323
)
Package hyperref Info: Driver (autodetected): hxetex.
(/Users/gepolianochaves/Library/TinyTeX/texmf-dist/tex/latex/hyperref/hxetex.def
File: hxetex.def 2024-11-05 v7.01l Hyperref driver for XeTeX
\pdfm@box=\box66
\c@Hy@AnnotLevel=\count324
\HyField@AnnotCount=\count325
\Fld@listcount=\count326
\c@bookmark@seq@number=\count327
(/Users/gepolianochaves/Library/TinyTeX/texmf-dist/tex/latex/rerunfilecheck/rerunfilecheck.sty
Package: rerunfilecheck 2022-07-10 v1.10 Rerun checks for auxiliary files (HO)
(/Users/gepolianochaves/Library/TinyTeX/texmf-dist/tex/latex/base/atveryend-ltx.sty
Package: atveryend-ltx 2020/08/19 v1.0a Emulation of the original atveryend package
with kernel methods
) (/Users/gepolianochaves/Library/TinyTeX/texmf-dist/tex/generic/uniquecounter/uniquecounter.sty
Package: uniquecounter 2019/12/15 v1.4 Provide unlimited unique counter (HO)
)
Package uniquecounter Info: New unique counter `rerunfilecheck' on input line 285.
)
\Hy@SectionHShift=\skip70
) (/Users/gepolianochaves/Library/TinyTeX/texmf-dist/tex/latex/bookmark/bkm-dvipdfm.def
File: bkm-dvipdfm.def 2023-12-10 v1.31 bookmark driver for dvipdfm (HO)
\BKM@id=\count328
)) (./bookdown-demo.aux)
\openout1 = `bookdown-demo.aux'.

LaTeX Font Info:    Checking defaults for OML/cmm/m/it on input line 131.
LaTeX Font Info:    ... okay on input line 131.
LaTeX Font Info:    Checking defaults for OMS/cmsy/m/n on input line 131.
LaTeX Font Info:    ... okay on input line 131.
LaTeX Font Info:    Checking defaults for OT1/cmr/m/n on input line 131.
LaTeX Font Info:    ... okay on input line 131.
LaTeX Font Info:    Checking defaults for T1/cmr/m/n on input line 131.
LaTeX Font Info:    ... okay on input line 131.
LaTeX Font Info:    Checking defaults for TS1/cmr/m/n on input line 131.
LaTeX Font Info:    ... okay on input line 131.
LaTeX Font Info:    Checking defaults for TU/lmr/m/n on input line 131.
LaTeX Font Info:    ... okay on input line 131.
LaTeX Font Info:    Checking defaults for OMX/cmex/m/n on input line 131.
LaTeX Font Info:    ... okay on input line 131.
LaTeX Font Info:    Checking defaults for U/cmr/m/n on input line 131.
LaTeX Font Info:    ... okay on input line 131.
LaTeX Font Info:    Checking defaults for PD1/pdf/m/n on input line 131.
LaTeX Font Info:    ... okay on input line 131.
LaTeX Font Info:    Checking defaults for PU/pdf/m/n on input line 131.
LaTeX Font Info:    ... okay on input line 131.
LaTeX Font Info:    Overwriting math alphabet `\mathrm' in version `normal'
(Font)                  OT1/lmr/m/n --> TU/lmr/m/n on input line 131.
LaTeX Font Info:    Overwriting math alphabet `\mathit' in version `normal'
(Font)                  OT1/lmr/m/it --> TU/lmr/m/it on input line 131.
LaTeX Font Info:    Overwriting math alphabet `\mathbf' in version `normal'
(Font)                  OT1/lmr/bx/n --> TU/lmr/bx/n on input line 131.
LaTeX Font Info:    Overwriting math alphabet `\mathsf' in version `normal'
(Font)                  OT1/lmss/m/n --> TU/lmss/m/n on input line 131.
LaTeX Font Info:    Overwriting math alphabet `\mathsf' in version `bold'
(Font)                  OT1/lmss/bx/n --> TU/lmss/bx/n on input line 131.
LaTeX Font Info:    Overwriting math alphabet `\mathtt' in version `normal'
(Font)                  OT1/lmtt/m/n --> TU/lmtt/m/n on input line 131.
LaTeX Font Info:    Overwriting math alphabet `\mathtt' in version `bold'
(Font)                  OT1/lmtt/m/n --> TU/lmtt/bx/n on input line 131.

Package fontspec Info: 
(fontspec)             latinmodern-math scale = 0.9999964596882403.


Package fontspec Info: 
(fontspec)             latinmodern-math scale = 0.9999964596882403.


Package fontspec Info: 
(fontspec)             latinmodern-math scale = 0.9999964596882403.


Package fontspec Info: 
(fontspec)             Font family 'latinmodern-math.otf(0)' created for font
(fontspec)             'latinmodern-math.otf' with options
(fontspec)             [Scale=MatchLowercase,BoldItalicFont={},ItalicFont={},SmallCapsFont={},Script=Math,BoldFont={latinmodern-math.otf}].
(fontspec)              
(fontspec)              This font family consists of the following NFSS
(fontspec)             series/shapes:
(fontspec)              
(fontspec)             - 'normal' (m/n) with NFSS spec.:
(fontspec)             <->s*[0.9999964596882403]"[latinmodern-math.otf]/OT:script=math;language=dflt;"
(fontspec)             - 'bold' (b/n) with NFSS spec.:
(fontspec)             <->s*[0.9999964596882403]"[latinmodern-math.otf]/OT:script=math;language=dflt;"

LaTeX Font Info:    Font shape `TU/latinmodern-math.otf(0)/m/n' will be
(Font)              scaled to size 10.0pt on input line 131.

Package fontspec Info: 
(fontspec)             latinmodern-math scale = 0.9999964596882403.


Package fontspec Info: 
(fontspec)             latinmodern-math scale = 0.9999964596882403.


Package fontspec Info: 
(fontspec)             latinmodern-math scale = 0.9999964596882403.


Package fontspec Info: 
(fontspec)             latinmodern-math scale = 0.9999964596882403.


Package fontspec Info: 
(fontspec)             latinmodern-math scale = 0.9999964596882403.


Package fontspec Info: 
(fontspec)             Font family 'latinmodern-math.otf(1)' created for font
(fontspec)             'latinmodern-math.otf' with options
(fontspec)             [Scale=MatchLowercase,BoldItalicFont={},ItalicFont={},SmallCapsFont={},Script=Math,SizeFeatures={{Size=8.5-},{Size=6-8.5,Font=latinmodern-math.otf,Style=MathScript},{Size=-6,Font=latinmodern-math.otf,Style=MathScriptScript}},BoldFont={latinmodern-math.otf}].
(fontspec)              
(fontspec)              This font family consists of the following NFSS
(fontspec)             series/shapes:
(fontspec)              
(fontspec)             - 'normal' (m/n) with NFSS spec.:
(fontspec)             <8.5->s*[0.9999964596882403]"[latinmodern-math.otf]/OT:script=math;language=dflt;"<6-8.5>s*[0.9999964596882403]"[latinmodern-math.otf]/OT:script=math;language=dflt;+ssty=0;"<-6>s*[0.9999964596882403]"[latinmodern-math.otf]/OT:script=math;language=dflt;+ssty=1;"
(fontspec)             - 'bold' (b/n) with NFSS spec.:
(fontspec)             <->s*[0.9999964596882403]"[latinmodern-math.otf]/OT:script=math;language=dflt;"

LaTeX Font Info:    Font shape `TU/latinmodern-math.otf(1)/m/n' will be
(Font)              scaled to size 10.0pt on input line 131.
LaTeX Font Info:    Encoding `OT1' has changed to `TU' for symbol font
(Font)              `operators' in the math version `normal' on input line 131.
LaTeX Font Info:    Overwriting symbol font `operators' in version `normal'
(Font)                  OT1/lmr/m/n --> TU/latinmodern-math.otf(1)/m/n on input line 131.
LaTeX Font Info:    Encoding `OT1' has changed to `TU' for symbol font
(Font)              `operators' in the math version `bold' on input line 131.
LaTeX Font Info:    Overwriting symbol font `operators' in version `bold'
(Font)                  OT1/lmr/bx/n --> TU/latinmodern-math.otf(1)/b/n on input line 131.

Package fontspec Info: 
(fontspec)             latinmodern-math scale = 0.9999964596882403.


Package fontspec Info: 
(fontspec)             latinmodern-math scale = 1.000096459334209.


Package fontspec Info: 
(fontspec)             latinmodern-math scale = 0.9999964596882403.


Package fontspec Info: 
(fontspec)             latinmodern-math scale = 1.000096459334209.


Package fontspec Info: 
(fontspec)             latinmodern-math scale = 0.9999964596882403.


Package fontspec Info: 
(fontspec)             latinmodern-math scale = 1.000096459334209.


Package fontspec Info: 
(fontspec)             latinmodern-math scale = 0.9999964596882403.


Package fontspec Info: 
(fontspec)             latinmodern-math scale = 1.000096459334209.


Package fontspec Info: 
(fontspec)             latinmodern-math scale = 0.9999964596882403.


Package fontspec Info: 
(fontspec)             latinmodern-math scale = 1.000096459334209.


Package fontspec Info: 
(fontspec)             Font family 'latinmodern-math.otf(2)' created for font
(fontspec)             'latinmodern-math.otf' with options
(fontspec)             [Scale=MatchLowercase,BoldItalicFont={},ItalicFont={},SmallCapsFont={},Script=Math,SizeFeatures={{Size=8.5-},{Size=6-8.5,Font=latinmodern-math.otf,Style=MathScript},{Size=-6,Font=latinmodern-math.otf,Style=MathScriptScript}},BoldFont={latinmodern-math.otf},ScaleAgain=1.0001,FontAdjustment={\fontdimen
(fontspec)             8\font =6.77pt\relax \fontdimen 9\font =3.94pt\relax
(fontspec)             \fontdimen 10\font =4.44pt\relax \fontdimen 11\font
(fontspec)             =6.86pt\relax \fontdimen 12\font =3.45pt\relax
(fontspec)             \fontdimen 13\font =3.63pt\relax \fontdimen 14\font
(fontspec)             =3.63pt\relax \fontdimen 15\font =2.89pt\relax
(fontspec)             \fontdimen 16\font =2.47pt\relax \fontdimen 17\font
(fontspec)             =2.47pt\relax \fontdimen 18\font =2.5pt\relax
(fontspec)             \fontdimen 19\font =2.0pt\relax \fontdimen 22\font
(fontspec)             =2.5pt\relax \fontdimen 20\font =0pt\relax \fontdimen
(fontspec)             21\font =0pt\relax }].
(fontspec)              
(fontspec)              This font family consists of the following NFSS
(fontspec)             series/shapes:
(fontspec)              
(fontspec)             - 'normal' (m/n) with NFSS spec.:
(fontspec)             <8.5->s*[1.000096459334209]"[latinmodern-math.otf]/OT:script=math;language=dflt;"<6-8.5>s*[1.000096459334209]"[latinmodern-math.otf]/OT:script=math;language=dflt;+ssty=0;"<-6>s*[1.000096459334209]"[latinmodern-math.otf]/OT:script=math;language=dflt;+ssty=1;"
(fontspec)             - 'bold' (b/n) with NFSS spec.:
(fontspec)             <->s*[1.000096459334209]"[latinmodern-math.otf]/OT:script=math;language=dflt;"

LaTeX Font Info:    Encoding `OMS' has changed to `TU' for symbol font
(Font)              `symbols' in the math version `normal' on input line 131.
LaTeX Font Info:    Overwriting symbol font `symbols' in version `normal'
(Font)                  OMS/lmsy/m/n --> TU/latinmodern-math.otf(2)/m/n on input line 131.
LaTeX Font Info:    Encoding `OMS' has changed to `TU' for symbol font
(Font)              `symbols' in the math version `bold' on input line 131.
LaTeX Font Info:    Overwriting symbol font `symbols' in version `bold'
(Font)                  OMS/lmsy/b/n --> TU/latinmodern-math.otf(2)/b/n on input line 131.

Package fontspec Info: 
(fontspec)             latinmodern-math scale = 0.9999964596882403.


Package fontspec Info: 
(fontspec)             latinmodern-math scale = 0.9998964600422715.


Package fontspec Info: 
(fontspec)             latinmodern-math scale = 0.9999964596882403.


Package fontspec Info: 
(fontspec)             latinmodern-math scale = 0.9998964600422715.


Package fontspec Info: 
(fontspec)             latinmodern-math scale = 0.9999964596882403.


Package fontspec Info: 
(fontspec)             latinmodern-math scale = 0.9998964600422715.


Package fontspec Info: 
(fontspec)             latinmodern-math scale = 0.9999964596882403.


Package fontspec Info: 
(fontspec)             latinmodern-math scale = 0.9998964600422715.


Package fontspec Info: 
(fontspec)             latinmodern-math scale = 0.9999964596882403.


Package fontspec Info: 
(fontspec)             latinmodern-math scale = 0.9998964600422715.


Package fontspec Info: 
(fontspec)             Font family 'latinmodern-math.otf(3)' created for font
(fontspec)             'latinmodern-math.otf' with options
(fontspec)             [Scale=MatchLowercase,BoldItalicFont={},ItalicFont={},SmallCapsFont={},Script=Math,SizeFeatures={{Size=8.5-},{Size=6-8.5,Font=latinmodern-math.otf,Style=MathScript},{Size=-6,Font=latinmodern-math.otf,Style=MathScriptScript}},BoldFont={latinmodern-math.otf},ScaleAgain=0.9999,FontAdjustment={\fontdimen
(fontspec)             8\font =0.4pt\relax \fontdimen 9\font =2.0pt\relax
(fontspec)             \fontdimen 10\font =1.67pt\relax \fontdimen 11\font
(fontspec)             =1.11pt\relax \fontdimen 12\font =6.0pt\relax
(fontspec)             \fontdimen 13\font =0pt\relax }].
(fontspec)              
(fontspec)              This font family consists of the following NFSS
(fontspec)             series/shapes:
(fontspec)              
(fontspec)             - 'normal' (m/n) with NFSS spec.:
(fontspec)             <8.5->s*[0.9998964600422715]"[latinmodern-math.otf]/OT:script=math;language=dflt;"<6-8.5>s*[0.9998964600422715]"[latinmodern-math.otf]/OT:script=math;language=dflt;+ssty=0;"<-6>s*[0.9998964600422715]"[latinmodern-math.otf]/OT:script=math;language=dflt;+ssty=1;"
(fontspec)             - 'bold' (b/n) with NFSS spec.:
(fontspec)             <->s*[0.9998964600422715]"[latinmodern-math.otf]/OT:script=math;language=dflt;"

LaTeX Font Info:    Encoding `OMX' has changed to `TU' for symbol font
(Font)              `largesymbols' in the math version `normal' on input line 131.
LaTeX Font Info:    Overwriting symbol font `largesymbols' in version `normal'
(Font)                  OMX/lmex/m/n --> TU/latinmodern-math.otf(3)/m/n on input line 131.
LaTeX Font Info:    Encoding `OMX' has changed to `TU' for symbol font
(Font)              `largesymbols' in the math version `bold' on input line 131.
LaTeX Font Info:    Overwriting symbol font `largesymbols' in version `bold'
(Font)                  OMX/lmex/m/n --> TU/latinmodern-math.otf(3)/b/n on input line 131.
LaTeX Info: Redefining \microtypecontext on input line 131.
Package microtype Info: Applying patch `item' on input line 131.
Package microtype Info: Applying patch `toc' on input line 131.
Package microtype Info: Applying patch `eqnum' on input line 131.
Package microtype Info: Applying patch `footnote' on input line 131.
Package microtype Info: Applying patch `verbatim' on input line 131.
LaTeX Info: Redefining \microtypesetup on input line 131.
Package microtype Info: Character protrusion enabled (level 2).
Package microtype Info: Using protrusion set `basicmath'.
Package microtype Info: No adjustment of tracking.
Package microtype Info: No adjustment of spacing.
Package microtype Info: No adjustment of kerning.
(/Users/gepolianochaves/Library/TinyTeX/texmf-dist/tex/latex/microtype/mt-LatinModernRoman.cfg
File: mt-LatinModernRoman.cfg 2021/02/21 v1.1 microtype config. file: Latin Modern Roman (RS)
)
Package hyperref Info: Link coloring OFF on input line 131.
LaTeX Font Info:    Font shape `TU/latinmodern-math.otf(1)/m/n' will be
(Font)              scaled to size 12.0pt on input line 133.
LaTeX Font Info:    Font shape `TU/latinmodern-math.otf(1)/m/n' will be
(Font)              scaled to size 8.0pt on input line 133.
LaTeX Font Info:    Font shape `TU/latinmodern-math.otf(1)/m/n' will be
(Font)              scaled to size 6.0pt on input line 133.
LaTeX Font Info:    Trying to load font information for OML+lmm on input line 133.
(/Users/gepolianochaves/Library/TinyTeX/texmf-dist/tex/latex/lm/omllmm.fd
File: omllmm.fd 2015/05/01 v1.6.1 Font defs for Latin Modern
)
LaTeX Font Info:    Font shape `TU/latinmodern-math.otf(2)/m/n' will be
(Font)              scaled to size 12.0011pt on input line 133.
LaTeX Font Info:    Font shape `TU/latinmodern-math.otf(2)/m/n' will be
(Font)              scaled to size 8.00073pt on input line 133.
LaTeX Font Info:    Font shape `TU/latinmodern-math.otf(2)/m/n' will be
(Font)              scaled to size 6.00055pt on input line 133.
LaTeX Font Info:    Font shape `TU/latinmodern-math.otf(3)/m/n' will be
(Font)              scaled to size 11.99872pt on input line 133.
LaTeX Font Info:    Font shape `TU/latinmodern-math.otf(3)/m/n' will be
(Font)              scaled to size 7.99915pt on input line 133.
LaTeX Font Info:    Font shape `TU/latinmodern-math.otf(3)/m/n' will be
(Font)              scaled to size 5.99936pt on input line 133.
LaTeX Font Info:    Trying to load font information for U+msa on input line 133.
(/Users/gepolianochaves/Library/TinyTeX/texmf-dist/tex/latex/amsfonts/umsa.fd
File: umsa.fd 2013/01/14 v3.01 AMS symbols A
) (/Users/gepolianochaves/Library/TinyTeX/texmf-dist/tex/latex/microtype/mt-msa.cfg
File: mt-msa.cfg 2006/02/04 v1.1 microtype config. file: AMS symbols (a) (RS)
)
LaTeX Font Info:    Trying to load font information for U+msb on input line 133.
(/Users/gepolianochaves/Library/TinyTeX/texmf-dist/tex/latex/amsfonts/umsb.fd
File: umsb.fd 2013/01/14 v3.01 AMS symbols B
) (/Users/gepolianochaves/Library/TinyTeX/texmf-dist/tex/latex/microtype/mt-msb.cfg
File: mt-msb.cfg 2005/06/01 v1.0 microtype config. file: AMS symbols (b) (RS)
)

[1


]

[2

] (./bookdown-demo.toc
LaTeX Font Info:    Font shape `TU/latinmodern-math.otf(1)/m/n' will be
(Font)              scaled to size 7.0pt on input line 3.
LaTeX Font Info:    Font shape `TU/latinmodern-math.otf(1)/m/n' will be
(Font)              scaled to size 5.0pt on input line 3.
LaTeX Font Info:    Font shape `TU/latinmodern-math.otf(2)/m/n' will be
(Font)              scaled to size 10.00092pt on input line 3.
LaTeX Font Info:    Font shape `TU/latinmodern-math.otf(2)/m/n' will be
(Font)              scaled to size 7.00064pt on input line 3.
LaTeX Font Info:    Font shape `TU/latinmodern-math.otf(2)/m/n' will be
(Font)              scaled to size 5.00046pt on input line 3.
LaTeX Font Info:    Font shape `TU/latinmodern-math.otf(3)/m/n' will be
(Font)              scaled to size 9.99893pt on input line 3.
LaTeX Font Info:    Font shape `TU/latinmodern-math.otf(3)/m/n' will be
(Font)              scaled to size 6.99925pt on input line 3.
LaTeX Font Info:    Font shape `TU/latinmodern-math.otf(3)/m/n' will be
(Font)              scaled to size 4.99947pt on input line 3.


[3])
\tf@toc=\write4
\openout4 = `bookdown-demo.toc'.



[4]
Chapter 1.
LaTeX Font Info:    Font shape `TU/lmtt/bx/n' in size <10> not available
(Font)              Font shape `TU/lmtt/b/n' tried instead on input line 146.


[5

]

[6

]
Chapter 2.


[7]
File: bookdown-demo_files/figure-latex/unnamed-chunk-3-1.pdf Graphic file (type pdf)
<use bookdown-demo_files/figure-latex/unnamed-chunk-3-1.pdf>


[8]

[9]

LaTeX Font Warning: Font shape `TU/lmtt/bx/it' in size <10> not available
(Font)              Font shape `TU/lmtt/b/sl' tried instead on input line 370.



[10]
Underfull \hbox (badness 1194) in paragraph at lines 444--444
[]\TU/lmr/bx/n/14.4 Calculate the Standard-Deviation of the
 []



[11]
Overfull \hbox (33.0pt too wide) in paragraph at lines 485--485
[]\TU/lmtt/m/n/10 ## [1] -14.333333  -2.333333 -17.333333  15.666667  20.666667  -2.333333[] 
 []


Overfull \hbox (33.0pt too wide) in paragraph at lines 510--510
[]\TU/lmtt/m/n/10 ## [1] 205.444444   5.444444 300.444444 245.444444 427.111111   5.444444[] 
 []



[12]

[13]
File: bookdown-demo_files/figure-latex/unnamed-chunk-19-1.pdf Graphic file (type pdf)
<use bookdown-demo_files/figure-latex/unnamed-chunk-19-1.pdf>

Underfull \vbox (badness 7397) has occurred while \output is active []



[14]
File: bookdown-demo_files/figure-latex/unnamed-chunk-20-1.pdf Graphic file (type pdf)
<use bookdown-demo_files/figure-latex/unnamed-chunk-20-1.pdf>


[15]
File: bookdown-demo_files/figure-latex/unnamed-chunk-22-1.pdf Graphic file (type pdf)
<use bookdown-demo_files/figure-latex/unnamed-chunk-22-1.pdf>


[16]
Overfull \hbox (6.75pt too wide) in paragraph at lines 873--873
[]\TU/lmtt/m/n/10 ##     Sepal.Length Sepal.Width Petal.Length Petal.Width    Species[] 
 []


Overfull \hbox (6.75pt too wide) in paragraph at lines 873--873
[]\TU/lmtt/m/n/10 ## 1            5.1         3.5          1.4         0.2     setosa[] 
 []


Overfull \hbox (6.75pt too wide) in paragraph at lines 873--873
[]\TU/lmtt/m/n/10 ## 2            4.9         3.0          1.4         0.2     setosa[] 
 []


Overfull \hbox (6.75pt too wide) in paragraph at lines 873--873
[]\TU/lmtt/m/n/10 ## 3            4.7         3.2          1.3         0.2     setosa[] 
 []


Overfull \hbox (6.75pt too wide) in paragraph at lines 873--873
[]\TU/lmtt/m/n/10 ## 4            4.6         3.1          1.5         0.2     setosa[] 
 []


Overfull \hbox (6.75pt too wide) in paragraph at lines 873--873
[]\TU/lmtt/m/n/10 ## 5            5.0         3.6          1.4         0.2     setosa[] 
 []


Overfull \hbox (6.75pt too wide) in paragraph at lines 873--873
[]\TU/lmtt/m/n/10 ## 6            5.4         3.9          1.7         0.4     setosa[] 
 []


Overfull \hbox (6.75pt too wide) in paragraph at lines 873--873
[]\TU/lmtt/m/n/10 ## 7            4.6         3.4          1.4         0.3     setosa[] 
 []


Overfull \hbox (6.75pt too wide) in paragraph at lines 873--873
[]\TU/lmtt/m/n/10 ## 8            5.0         3.4          1.5         0.2     setosa[] 
 []


Overfull \hbox (6.75pt too wide) in paragraph at lines 873--873
[]\TU/lmtt/m/n/10 ## 9            4.4         2.9          1.4         0.2     setosa[] 
 []


Overfull \hbox (6.75pt too wide) in paragraph at lines 873--873
[]\TU/lmtt/m/n/10 ## 10           4.9         3.1          1.5         0.1     setosa[] 
 []


Overfull \hbox (6.75pt too wide) in paragraph at lines 873--873
[]\TU/lmtt/m/n/10 ## 11           5.4         3.7          1.5         0.2     setosa[] 
 []


Overfull \hbox (6.75pt too wide) in paragraph at lines 873--873
[]\TU/lmtt/m/n/10 ## 12           4.8         3.4          1.6         0.2     setosa[] 
 []


Overfull \hbox (6.75pt too wide) in paragraph at lines 873--873
[]\TU/lmtt/m/n/10 ## 13           4.8         3.0          1.4         0.1     setosa[] 
 []


Overfull \hbox (6.75pt too wide) in paragraph at lines 873--873
[]\TU/lmtt/m/n/10 ## 14           4.3         3.0          1.1         0.1     setosa[] 
 []


Overfull \hbox (6.75pt too wide) in paragraph at lines 873--873
[]\TU/lmtt/m/n/10 ## 15           5.8         4.0          1.2         0.2     setosa[] 
 []


Overfull \hbox (6.75pt too wide) in paragraph at lines 873--873
[]\TU/lmtt/m/n/10 ## 16           5.7         4.4          1.5         0.4     setosa[] 
 []


Overfull \hbox (6.75pt too wide) in paragraph at lines 873--873
[]\TU/lmtt/m/n/10 ## 17           5.4         3.9          1.3         0.4     setosa[] 
 []


Overfull \hbox (6.75pt too wide) in paragraph at lines 873--873
[]\TU/lmtt/m/n/10 ## 18           5.1         3.5          1.4         0.3     setosa[] 
 []



[17]
Overfull \hbox (6.75pt too wide) in paragraph at lines 873--873
[]\TU/lmtt/m/n/10 ## 19           5.7         3.8          1.7         0.3     setosa[] 
 []


Overfull \hbox (6.75pt too wide) in paragraph at lines 873--873
[]\TU/lmtt/m/n/10 ## 20           5.1         3.8          1.5         0.3     setosa[] 
 []


Overfull \hbox (6.75pt too wide) in paragraph at lines 873--873
[]\TU/lmtt/m/n/10 ## 21           5.4         3.4          1.7         0.2     setosa[] 
 []


Overfull \hbox (6.75pt too wide) in paragraph at lines 873--873
[]\TU/lmtt/m/n/10 ## 22           5.1         3.7          1.5         0.4     setosa[] 
 []


Overfull \hbox (6.75pt too wide) in paragraph at lines 873--873
[]\TU/lmtt/m/n/10 ## 23           4.6         3.6          1.0         0.2     setosa[] 
 []


Overfull \hbox (6.75pt too wide) in paragraph at lines 873--873
[]\TU/lmtt/m/n/10 ## 24           5.1         3.3          1.7         0.5     setosa[] 
 []


Overfull \hbox (6.75pt too wide) in paragraph at lines 873--873
[]\TU/lmtt/m/n/10 ## 25           4.8         3.4          1.9         0.2     setosa[] 
 []


Overfull \hbox (6.75pt too wide) in paragraph at lines 873--873
[]\TU/lmtt/m/n/10 ## 26           5.0         3.0          1.6         0.2     setosa[] 
 []


Overfull \hbox (6.75pt too wide) in paragraph at lines 873--873
[]\TU/lmtt/m/n/10 ## 27           5.0         3.4          1.6         0.4     setosa[] 
 []


Overfull \hbox (6.75pt too wide) in paragraph at lines 873--873
[]\TU/lmtt/m/n/10 ## 28           5.2         3.5          1.5         0.2     setosa[] 
 []


Overfull \hbox (6.75pt too wide) in paragraph at lines 873--873
[]\TU/lmtt/m/n/10 ## 29           5.2         3.4          1.4         0.2     setosa[] 
 []


Overfull \hbox (6.75pt too wide) in paragraph at lines 873--873
[]\TU/lmtt/m/n/10 ## 30           4.7         3.2          1.6         0.2     setosa[] 
 []


Overfull \hbox (6.75pt too wide) in paragraph at lines 873--873
[]\TU/lmtt/m/n/10 ## 31           4.8         3.1          1.6         0.2     setosa[] 
 []


Overfull \hbox (6.75pt too wide) in paragraph at lines 873--873
[]\TU/lmtt/m/n/10 ## 32           5.4         3.4          1.5         0.4     setosa[] 
 []


Overfull \hbox (6.75pt too wide) in paragraph at lines 873--873
[]\TU/lmtt/m/n/10 ## 33           5.2         4.1          1.5         0.1     setosa[] 
 []


Overfull \hbox (6.75pt too wide) in paragraph at lines 873--873
[]\TU/lmtt/m/n/10 ## 34           5.5         4.2          1.4         0.2     setosa[] 
 []


Overfull \hbox (6.75pt too wide) in paragraph at lines 873--873
[]\TU/lmtt/m/n/10 ## 35           4.9         3.1          1.5         0.2     setosa[] 
 []


Overfull \hbox (6.75pt too wide) in paragraph at lines 873--873
[]\TU/lmtt/m/n/10 ## 36           5.0         3.2          1.2         0.2     setosa[] 
 []


Overfull \hbox (6.75pt too wide) in paragraph at lines 873--873
[]\TU/lmtt/m/n/10 ## 37           5.5         3.5          1.3         0.2     setosa[] 
 []


Overfull \hbox (6.75pt too wide) in paragraph at lines 873--873
[]\TU/lmtt/m/n/10 ## 38           4.9         3.6          1.4         0.1     setosa[] 
 []


Overfull \hbox (6.75pt too wide) in paragraph at lines 873--873
[]\TU/lmtt/m/n/10 ## 39           4.4         3.0          1.3         0.2     setosa[] 
 []


Overfull \hbox (6.75pt too wide) in paragraph at lines 873--873
[]\TU/lmtt/m/n/10 ## 40           5.1         3.4          1.5         0.2     setosa[] 
 []


Overfull \hbox (6.75pt too wide) in paragraph at lines 873--873
[]\TU/lmtt/m/n/10 ## 41           5.0         3.5          1.3         0.3     setosa[] 
 []


Overfull \hbox (6.75pt too wide) in paragraph at lines 873--873
[]\TU/lmtt/m/n/10 ## 42           4.5         2.3          1.3         0.3     setosa[] 
 []


Overfull \hbox (6.75pt too wide) in paragraph at lines 873--873
[]\TU/lmtt/m/n/10 ## 43           4.4         3.2          1.3         0.2     setosa[] 
 []


Overfull \hbox (6.75pt too wide) in paragraph at lines 873--873
[]\TU/lmtt/m/n/10 ## 44           5.0         3.5          1.6         0.6     setosa[] 
 []


Overfull \hbox (6.75pt too wide) in paragraph at lines 873--873
[]\TU/lmtt/m/n/10 ## 45           5.1         3.8          1.9         0.4     setosa[] 
 []


Overfull \hbox (6.75pt too wide) in paragraph at lines 873--873
[]\TU/lmtt/m/n/10 ## 46           4.8         3.0          1.4         0.3     setosa[] 
 []


Overfull \hbox (6.75pt too wide) in paragraph at lines 873--873
[]\TU/lmtt/m/n/10 ## 47           5.1         3.8          1.6         0.2     setosa[] 
 []


Overfull \hbox (6.75pt too wide) in paragraph at lines 873--873
[]\TU/lmtt/m/n/10 ## 48           4.6         3.2          1.4         0.2     setosa[] 
 []


Overfull \hbox (6.75pt too wide) in paragraph at lines 873--873
[]\TU/lmtt/m/n/10 ## 49           5.3         3.7          1.5         0.2     setosa[] 
 []


Overfull \hbox (6.75pt too wide) in paragraph at lines 873--873
[]\TU/lmtt/m/n/10 ## 50           5.0         3.3          1.4         0.2     setosa[] 
 []


Overfull \hbox (6.75pt too wide) in paragraph at lines 873--873
[]\TU/lmtt/m/n/10 ## 51           7.0         3.2          4.7         1.4 versicolor[] 
 []


Overfull \hbox (6.75pt too wide) in paragraph at lines 873--873
[]\TU/lmtt/m/n/10 ## 52           6.4         3.2          4.5         1.5 versicolor[] 
 []


Overfull \hbox (6.75pt too wide) in paragraph at lines 873--873
[]\TU/lmtt/m/n/10 ## 53           6.9         3.1          4.9         1.5 versicolor[] 
 []


Overfull \hbox (6.75pt too wide) in paragraph at lines 873--873
[]\TU/lmtt/m/n/10 ## 54           5.5         2.3          4.0         1.3 versicolor[] 
 []


Overfull \hbox (6.75pt too wide) in paragraph at lines 873--873
[]\TU/lmtt/m/n/10 ## 55           6.5         2.8          4.6         1.5 versicolor[] 
 []


Overfull \hbox (6.75pt too wide) in paragraph at lines 873--873
[]\TU/lmtt/m/n/10 ## 56           5.7         2.8          4.5         1.3 versicolor[] 
 []


Overfull \hbox (6.75pt too wide) in paragraph at lines 873--873
[]\TU/lmtt/m/n/10 ## 57           6.3         3.3          4.7         1.6 versicolor[] 
 []


Overfull \hbox (6.75pt too wide) in paragraph at lines 873--873
[]\TU/lmtt/m/n/10 ## 58           4.9         2.4          3.3         1.0 versicolor[] 
 []


Overfull \hbox (6.75pt too wide) in paragraph at lines 873--873
[]\TU/lmtt/m/n/10 ## 59           6.6         2.9          4.6         1.3 versicolor[] 
 []


Overfull \hbox (6.75pt too wide) in paragraph at lines 873--873
[]\TU/lmtt/m/n/10 ## 60           5.2         2.7          3.9         1.4 versicolor[] 
 []


Overfull \hbox (6.75pt too wide) in paragraph at lines 873--873
[]\TU/lmtt/m/n/10 ## 61           5.0         2.0          3.5         1.0 versicolor[] 
 []


Overfull \hbox (6.75pt too wide) in paragraph at lines 873--873
[]\TU/lmtt/m/n/10 ## 62           5.9         3.0          4.2         1.5 versicolor[] 
 []



[18]
Overfull \hbox (6.75pt too wide) in paragraph at lines 873--873
[]\TU/lmtt/m/n/10 ## 63           6.0         2.2          4.0         1.0 versicolor[] 
 []


Overfull \hbox (6.75pt too wide) in paragraph at lines 873--873
[]\TU/lmtt/m/n/10 ## 64           6.1         2.9          4.7         1.4 versicolor[] 
 []


Overfull \hbox (6.75pt too wide) in paragraph at lines 873--873
[]\TU/lmtt/m/n/10 ## 65           5.6         2.9          3.6         1.3 versicolor[] 
 []


Overfull \hbox (6.75pt too wide) in paragraph at lines 873--873
[]\TU/lmtt/m/n/10 ## 66           6.7         3.1          4.4         1.4 versicolor[] 
 []


Overfull \hbox (6.75pt too wide) in paragraph at lines 873--873
[]\TU/lmtt/m/n/10 ## 67           5.6         3.0          4.5         1.5 versicolor[] 
 []


Overfull \hbox (6.75pt too wide) in paragraph at lines 873--873
[]\TU/lmtt/m/n/10 ## 68           5.8         2.7          4.1         1.0 versicolor[] 
 []


Overfull \hbox (6.75pt too wide) in paragraph at lines 873--873
[]\TU/lmtt/m/n/10 ## 69           6.2         2.2          4.5         1.5 versicolor[] 
 []


Overfull \hbox (6.75pt too wide) in paragraph at lines 873--873
[]\TU/lmtt/m/n/10 ## 70           5.6         2.5          3.9         1.1 versicolor[] 
 []


Overfull \hbox (6.75pt too wide) in paragraph at lines 873--873
[]\TU/lmtt/m/n/10 ## 71           5.9         3.2          4.8         1.8 versicolor[] 
 []


Overfull \hbox (6.75pt too wide) in paragraph at lines 873--873
[]\TU/lmtt/m/n/10 ## 72           6.1         2.8          4.0         1.3 versicolor[] 
 []


Overfull \hbox (6.75pt too wide) in paragraph at lines 873--873
[]\TU/lmtt/m/n/10 ## 73           6.3         2.5          4.9         1.5 versicolor[] 
 []


Overfull \hbox (6.75pt too wide) in paragraph at lines 873--873
[]\TU/lmtt/m/n/10 ## 74           6.1         2.8          4.7         1.2 versicolor[] 
 []


Overfull \hbox (6.75pt too wide) in paragraph at lines 873--873
[]\TU/lmtt/m/n/10 ## 75           6.4         2.9          4.3         1.3 versicolor[] 
 []


Overfull \hbox (6.75pt too wide) in paragraph at lines 873--873
[]\TU/lmtt/m/n/10 ## 76           6.6         3.0          4.4         1.4 versicolor[] 
 []


Overfull \hbox (6.75pt too wide) in paragraph at lines 873--873
[]\TU/lmtt/m/n/10 ## 77           6.8         2.8          4.8         1.4 versicolor[] 
 []


Overfull \hbox (6.75pt too wide) in paragraph at lines 873--873
[]\TU/lmtt/m/n/10 ## 78           6.7         3.0          5.0         1.7 versicolor[] 
 []


Overfull \hbox (6.75pt too wide) in paragraph at lines 873--873
[]\TU/lmtt/m/n/10 ## 79           6.0         2.9          4.5         1.5 versicolor[] 
 []


Overfull \hbox (6.75pt too wide) in paragraph at lines 873--873
[]\TU/lmtt/m/n/10 ## 80           5.7         2.6          3.5         1.0 versicolor[] 
 []


Overfull \hbox (6.75pt too wide) in paragraph at lines 873--873
[]\TU/lmtt/m/n/10 ## 81           5.5         2.4          3.8         1.1 versicolor[] 
 []


Overfull \hbox (6.75pt too wide) in paragraph at lines 873--873
[]\TU/lmtt/m/n/10 ## 82           5.5         2.4          3.7         1.0 versicolor[] 
 []


Overfull \hbox (6.75pt too wide) in paragraph at lines 873--873
[]\TU/lmtt/m/n/10 ## 83           5.8         2.7          3.9         1.2 versicolor[] 
 []


Overfull \hbox (6.75pt too wide) in paragraph at lines 873--873
[]\TU/lmtt/m/n/10 ## 84           6.0         2.7          5.1         1.6 versicolor[] 
 []


Overfull \hbox (6.75pt too wide) in paragraph at lines 873--873
[]\TU/lmtt/m/n/10 ## 85           5.4         3.0          4.5         1.5 versicolor[] 
 []


Overfull \hbox (6.75pt too wide) in paragraph at lines 873--873
[]\TU/lmtt/m/n/10 ## 86           6.0         3.4          4.5         1.6 versicolor[] 
 []


Overfull \hbox (6.75pt too wide) in paragraph at lines 873--873
[]\TU/lmtt/m/n/10 ## 87           6.7         3.1          4.7         1.5 versicolor[] 
 []


Overfull \hbox (6.75pt too wide) in paragraph at lines 873--873
[]\TU/lmtt/m/n/10 ## 88           6.3         2.3          4.4         1.3 versicolor[] 
 []


Overfull \hbox (6.75pt too wide) in paragraph at lines 873--873
[]\TU/lmtt/m/n/10 ## 89           5.6         3.0          4.1         1.3 versicolor[] 
 []


Overfull \hbox (6.75pt too wide) in paragraph at lines 873--873
[]\TU/lmtt/m/n/10 ## 90           5.5         2.5          4.0         1.3 versicolor[] 
 []


Overfull \hbox (6.75pt too wide) in paragraph at lines 873--873
[]\TU/lmtt/m/n/10 ## 91           5.5         2.6          4.4         1.2 versicolor[] 
 []


Overfull \hbox (6.75pt too wide) in paragraph at lines 873--873
[]\TU/lmtt/m/n/10 ## 92           6.1         3.0          4.6         1.4 versicolor[] 
 []


Overfull \hbox (6.75pt too wide) in paragraph at lines 873--873
[]\TU/lmtt/m/n/10 ## 93           5.8         2.6          4.0         1.2 versicolor[] 
 []


Overfull \hbox (6.75pt too wide) in paragraph at lines 873--873
[]\TU/lmtt/m/n/10 ## 94           5.0         2.3          3.3         1.0 versicolor[] 
 []


Overfull \hbox (6.75pt too wide) in paragraph at lines 873--873
[]\TU/lmtt/m/n/10 ## 95           5.6         2.7          4.2         1.3 versicolor[] 
 []


Overfull \hbox (6.75pt too wide) in paragraph at lines 873--873
[]\TU/lmtt/m/n/10 ## 96           5.7         3.0          4.2         1.2 versicolor[] 
 []


Overfull \hbox (6.75pt too wide) in paragraph at lines 873--873
[]\TU/lmtt/m/n/10 ## 97           5.7         2.9          4.2         1.3 versicolor[] 
 []


Overfull \hbox (6.75pt too wide) in paragraph at lines 873--873
[]\TU/lmtt/m/n/10 ## 98           6.2         2.9          4.3         1.3 versicolor[] 
 []


Overfull \hbox (6.75pt too wide) in paragraph at lines 873--873
[]\TU/lmtt/m/n/10 ## 99           5.1         2.5          3.0         1.1 versicolor[] 
 []


Overfull \hbox (6.75pt too wide) in paragraph at lines 873--873
[]\TU/lmtt/m/n/10 ## 100          5.7         2.8          4.1         1.3 versicolor[] 
 []


Overfull \hbox (6.75pt too wide) in paragraph at lines 873--873
[]\TU/lmtt/m/n/10 ## 101          6.3         3.3          6.0         2.5  virginica[] 
 []


Overfull \hbox (6.75pt too wide) in paragraph at lines 873--873
[]\TU/lmtt/m/n/10 ## 102          5.8         2.7          5.1         1.9  virginica[] 
 []


Overfull \hbox (6.75pt too wide) in paragraph at lines 873--873
[]\TU/lmtt/m/n/10 ## 103          7.1         3.0          5.9         2.1  virginica[] 
 []


Overfull \hbox (6.75pt too wide) in paragraph at lines 873--873
[]\TU/lmtt/m/n/10 ## 104          6.3         2.9          5.6         1.8  virginica[] 
 []


Overfull \hbox (6.75pt too wide) in paragraph at lines 873--873
[]\TU/lmtt/m/n/10 ## 105          6.5         3.0          5.8         2.2  virginica[] 
 []


Overfull \hbox (6.75pt too wide) in paragraph at lines 873--873
[]\TU/lmtt/m/n/10 ## 106          7.6         3.0          6.6         2.1  virginica[] 
 []


Overfull \hbox (6.75pt too wide) in paragraph at lines 873--873
[]\TU/lmtt/m/n/10 ## 107          4.9         2.5          4.5         1.7  virginica[] 
 []


Overfull \hbox (6.75pt too wide) in paragraph at lines 873--873
[]\TU/lmtt/m/n/10 ## 108          7.3         2.9          6.3         1.8  virginica[] 
 []



[19]
Overfull \hbox (6.75pt too wide) in paragraph at lines 873--873
[]\TU/lmtt/m/n/10 ## 109          6.7         2.5          5.8         1.8  virginica[] 
 []


Overfull \hbox (6.75pt too wide) in paragraph at lines 873--873
[]\TU/lmtt/m/n/10 ## 110          7.2         3.6          6.1         2.5  virginica[] 
 []


Overfull \hbox (6.75pt too wide) in paragraph at lines 873--873
[]\TU/lmtt/m/n/10 ## 111          6.5         3.2          5.1         2.0  virginica[] 
 []


Overfull \hbox (6.75pt too wide) in paragraph at lines 873--873
[]\TU/lmtt/m/n/10 ## 112          6.4         2.7          5.3         1.9  virginica[] 
 []


Overfull \hbox (6.75pt too wide) in paragraph at lines 873--873
[]\TU/lmtt/m/n/10 ## 113          6.8         3.0          5.5         2.1  virginica[] 
 []


Overfull \hbox (6.75pt too wide) in paragraph at lines 873--873
[]\TU/lmtt/m/n/10 ## 114          5.7         2.5          5.0         2.0  virginica[] 
 []


Overfull \hbox (6.75pt too wide) in paragraph at lines 873--873
[]\TU/lmtt/m/n/10 ## 115          5.8         2.8          5.1         2.4  virginica[] 
 []


Overfull \hbox (6.75pt too wide) in paragraph at lines 873--873
[]\TU/lmtt/m/n/10 ## 116          6.4         3.2          5.3         2.3  virginica[] 
 []


Overfull \hbox (6.75pt too wide) in paragraph at lines 873--873
[]\TU/lmtt/m/n/10 ## 117          6.5         3.0          5.5         1.8  virginica[] 
 []


Overfull \hbox (6.75pt too wide) in paragraph at lines 873--873
[]\TU/lmtt/m/n/10 ## 118          7.7         3.8          6.7         2.2  virginica[] 
 []


Overfull \hbox (6.75pt too wide) in paragraph at lines 873--873
[]\TU/lmtt/m/n/10 ## 119          7.7         2.6          6.9         2.3  virginica[] 
 []


Overfull \hbox (6.75pt too wide) in paragraph at lines 873--873
[]\TU/lmtt/m/n/10 ## 120          6.0         2.2          5.0         1.5  virginica[] 
 []


Overfull \hbox (6.75pt too wide) in paragraph at lines 873--873
[]\TU/lmtt/m/n/10 ## 121          6.9         3.2          5.7         2.3  virginica[] 
 []


Overfull \hbox (6.75pt too wide) in paragraph at lines 873--873
[]\TU/lmtt/m/n/10 ## 122          5.6         2.8          4.9         2.0  virginica[] 
 []


Overfull \hbox (6.75pt too wide) in paragraph at lines 873--873
[]\TU/lmtt/m/n/10 ## 123          7.7         2.8          6.7         2.0  virginica[] 
 []


Overfull \hbox (6.75pt too wide) in paragraph at lines 873--873
[]\TU/lmtt/m/n/10 ## 124          6.3         2.7          4.9         1.8  virginica[] 
 []


Overfull \hbox (6.75pt too wide) in paragraph at lines 873--873
[]\TU/lmtt/m/n/10 ## 125          6.7         3.3          5.7         2.1  virginica[] 
 []


Overfull \hbox (6.75pt too wide) in paragraph at lines 873--873
[]\TU/lmtt/m/n/10 ## 126          7.2         3.2          6.0         1.8  virginica[] 
 []


Overfull \hbox (6.75pt too wide) in paragraph at lines 873--873
[]\TU/lmtt/m/n/10 ## 127          6.2         2.8          4.8         1.8  virginica[] 
 []


Overfull \hbox (6.75pt too wide) in paragraph at lines 873--873
[]\TU/lmtt/m/n/10 ## 128          6.1         3.0          4.9         1.8  virginica[] 
 []


Overfull \hbox (6.75pt too wide) in paragraph at lines 873--873
[]\TU/lmtt/m/n/10 ## 129          6.4         2.8          5.6         2.1  virginica[] 
 []


Overfull \hbox (6.75pt too wide) in paragraph at lines 873--873
[]\TU/lmtt/m/n/10 ## 130          7.2         3.0          5.8         1.6  virginica[] 
 []


Overfull \hbox (6.75pt too wide) in paragraph at lines 873--873
[]\TU/lmtt/m/n/10 ## 131          7.4         2.8          6.1         1.9  virginica[] 
 []


Overfull \hbox (6.75pt too wide) in paragraph at lines 873--873
[]\TU/lmtt/m/n/10 ## 132          7.9         3.8          6.4         2.0  virginica[] 
 []


Overfull \hbox (6.75pt too wide) in paragraph at lines 873--873
[]\TU/lmtt/m/n/10 ## 133          6.4         2.8          5.6         2.2  virginica[] 
 []


Overfull \hbox (6.75pt too wide) in paragraph at lines 873--873
[]\TU/lmtt/m/n/10 ## 134          6.3         2.8          5.1         1.5  virginica[] 
 []


Overfull \hbox (6.75pt too wide) in paragraph at lines 873--873
[]\TU/lmtt/m/n/10 ## 135          6.1         2.6          5.6         1.4  virginica[] 
 []


Overfull \hbox (6.75pt too wide) in paragraph at lines 873--873
[]\TU/lmtt/m/n/10 ## 136          7.7         3.0          6.1         2.3  virginica[] 
 []


Overfull \hbox (6.75pt too wide) in paragraph at lines 873--873
[]\TU/lmtt/m/n/10 ## 137          6.3         3.4          5.6         2.4  virginica[] 
 []


Overfull \hbox (6.75pt too wide) in paragraph at lines 873--873
[]\TU/lmtt/m/n/10 ## 138          6.4         3.1          5.5         1.8  virginica[] 
 []


Overfull \hbox (6.75pt too wide) in paragraph at lines 873--873
[]\TU/lmtt/m/n/10 ## 139          6.0         3.0          4.8         1.8  virginica[] 
 []


Overfull \hbox (6.75pt too wide) in paragraph at lines 873--873
[]\TU/lmtt/m/n/10 ## 140          6.9         3.1          5.4         2.1  virginica[] 
 []


Overfull \hbox (6.75pt too wide) in paragraph at lines 873--873
[]\TU/lmtt/m/n/10 ## 141          6.7         3.1          5.6         2.4  virginica[] 
 []


Overfull \hbox (6.75pt too wide) in paragraph at lines 873--873
[]\TU/lmtt/m/n/10 ## 142          6.9         3.1          5.1         2.3  virginica[] 
 []


Overfull \hbox (6.75pt too wide) in paragraph at lines 873--873
[]\TU/lmtt/m/n/10 ## 143          5.8         2.7          5.1         1.9  virginica[] 
 []


Overfull \hbox (6.75pt too wide) in paragraph at lines 873--873
[]\TU/lmtt/m/n/10 ## 144          6.8         3.2          5.9         2.3  virginica[] 
 []


Overfull \hbox (6.75pt too wide) in paragraph at lines 873--873
[]\TU/lmtt/m/n/10 ## 145          6.7         3.3          5.7         2.5  virginica[] 
 []


Overfull \hbox (6.75pt too wide) in paragraph at lines 873--873
[]\TU/lmtt/m/n/10 ## 146          6.7         3.0          5.2         2.3  virginica[] 
 []


Overfull \hbox (6.75pt too wide) in paragraph at lines 873--873
[]\TU/lmtt/m/n/10 ## 147          6.3         2.5          5.0         1.9  virginica[] 
 []


Overfull \hbox (6.75pt too wide) in paragraph at lines 873--873
[]\TU/lmtt/m/n/10 ## 148          6.5         3.0          5.2         2.0  virginica[] 
 []


Overfull \hbox (6.75pt too wide) in paragraph at lines 873--873
[]\TU/lmtt/m/n/10 ## 149          6.2         3.4          5.4         2.3  virginica[] 
 []


Overfull \hbox (6.75pt too wide) in paragraph at lines 873--873
[]\TU/lmtt/m/n/10 ## 150          5.9         3.0          5.1         1.8  virginica[] 
 []


Underfull \vbox (badness 10000) has occurred while \output is active []



[20]

[21]
Overfull \hbox (6.75pt too wide) in paragraph at lines 975--975
[]\TU/lmtt/m/n/10 ## Warning in plot.window(...): "data" is not a graphical parameter[] 
 []


Overfull \hbox (38.25pt too wide) in paragraph at lines 979--979
[]\TU/lmtt/m/n/10 ## Warning in plot.xy(xy, type, ...): "data" is not a graphical parameter[] 
 []


Overfull \hbox (69.75pt too wide) in paragraph at lines 986--986
[]\TU/lmtt/m/n/10 ## Warning in axis(side = side, at = at, labels = labels, ...): "data" is not a[] 
 []


Overfull \hbox (69.75pt too wide) in paragraph at lines 986--986
[]\TU/lmtt/m/n/10 ## Warning in axis(side = side, at = at, labels = labels, ...): "data" is not a[] 
 []

File: bookdown-demo_files/figure-latex/unnamed-chunk-30-1.pdf Graphic file (type pdf)
<use bookdown-demo_files/figure-latex/unnamed-chunk-30-1.pdf>


[22]
File: bookdown-demo_files/figure-latex/unnamed-chunk-30-2.pdf Graphic file (type pdf)
<use bookdown-demo_files/figure-latex/unnamed-chunk-30-2.pdf>
File: bookdown-demo_files/figure-latex/unnamed-chunk-31-1.pdf Graphic file (type pdf)
<use bookdown-demo_files/figure-latex/unnamed-chunk-31-1.pdf>

Underfull \vbox (badness 10000) has occurred while \output is active []



[23]
File: bookdown-demo_files/figure-latex/unnamed-chunk-31-2.pdf Graphic file (type pdf)
<use bookdown-demo_files/figure-latex/unnamed-chunk-31-2.pdf>

Underfull \vbox (badness 10000) has occurred while \output is active []



[24]
File: bookdown-demo_files/figure-latex/3. Boxplot-1.pdf Graphic file (type pdf)
<use bookdown-demo_files/figure-latex/3. Boxplot-1.pdf>

Underfull \hbox (badness 2671) in paragraph at lines 1036--1036
[]\TU/lmr/bx/n/14.4 Data Visualization with specialized li-
 []

File: bookdown-demo_files/figure-latex/unnamed-chunk-32-1.pdf Graphic file (type pdf)
<use bookdown-demo_files/figure-latex/unnamed-chunk-32-1.pdf>


[25]

[26]
Overfull \hbox (600.0pt too wide) in paragraph at lines 1101--1101
[]\TU/lmtt/m/n/10 ## Turner, (2018). qqman: an R package for visualizing GWAS results using Q-Q and manhattan plots. Journal of Open Source Software, 3(25), 731, https://doi.org/10.21105/joss.00731.[] 
 []



[27]
Overfull \hbox (6.75pt too wide) in paragraph at lines 1173--1173
[]\TU/lmtt/m/n/10 ## Warning in plot.window(...): "data" is not a graphical parameter[] 
 []


Overfull \hbox (38.25pt too wide) in paragraph at lines 1177--1177
[]\TU/lmtt/m/n/10 ## Warning in plot.xy(xy, type, ...): "data" is not a graphical parameter[] 
 []


Overfull \hbox (69.75pt too wide) in paragraph at lines 1184--1184
[]\TU/lmtt/m/n/10 ## Warning in axis(side = side, at = at, labels = labels, ...): "data" is not a[] 
 []


Overfull \hbox (69.75pt too wide) in paragraph at lines 1184--1184
[]\TU/lmtt/m/n/10 ## Warning in axis(side = side, at = at, labels = labels, ...): "data" is not a[] 
 []

File: bookdown-demo_files/figure-latex/3. Gwas-1.pdf Graphic file (type pdf)
<use bookdown-demo_files/figure-latex/3. Gwas-1.pdf>


[28]
File: bookdown-demo_files/figure-latex/unnamed-chunk-36-1.pdf Graphic file (type pdf)
<use bookdown-demo_files/figure-latex/unnamed-chunk-36-1.pdf>
File: bookdown-demo_files/figure-latex/unnamed-chunk-37-1.pdf Graphic file (type pdf)
<use bookdown-demo_files/figure-latex/unnamed-chunk-37-1.pdf>

Underfull \vbox (badness 10000) has occurred while \output is active []



[29]
File: bookdown-demo_files/figure-latex/unnamed-chunk-38-1.pdf Graphic file (type pdf)
<use bookdown-demo_files/figure-latex/unnamed-chunk-38-1.pdf>

Underfull \vbox (badness 10000) has occurred while \output is active []



[30]


Overfull \hbox (96.66122pt too wide) has occurred while \output is active
\TU/lmr/m/sl/10 2.20.  CREATE VECTOR TO HIGHLIGHT GENOME COORDINATES IN MANHATTAN PLOT \TU/lmr/m/n/10 31
 []

[31]
Underfull \vbox (badness 10000) detected at line 1309
 []


Underfull \vbox (badness 10000) detected at line 1309
 []



[32]
File: bookdown-demo_files/figure-latex/3. manhattan plot-1.pdf Graphic file (type pdf)
<use bookdown-demo_files/figure-latex/3. manhattan plot-1.pdf>

Underfull \vbox (badness 10000) has occurred while \output is active []




Overfull \hbox (13.87672pt too wide) has occurred while \output is active
\TU/lmr/m/sl/10 2.21.  BIOLOGICAL ASSOCIATION VISUALIZATION: MANHATTAN PLOT \TU/lmr/m/n/10 33
 []

[33]
Overfull \hbox (138.0pt too wide) in paragraph at lines 1373--1373
[]\TU/lmtt/m/n/10 ## BLAS:   /Library/Frameworks/R.framework/Versions/4.4-arm64/Resources/lib/libRblas.0.dylib[] 
 []


Overfull \hbox (264.0pt too wide) in paragraph at lines 1373--1373
[]\TU/lmtt/m/n/10 ## LAPACK: /Library/Frameworks/R.framework/Versions/4.4-arm64/Resources/lib/libRlapack.dylib;  LAPACK version 3.12.0[] 
 []


Overfull \hbox (12.0pt too wide) in paragraph at lines 1373--1373
[]\TU/lmtt/m/n/10 ## [1] en_US.UTF-8/en_US.UTF-8/en_US.UTF-8/C/en_US.UTF-8/en_US.UTF-8[] 
 []


Overfull \hbox (27.75pt too wide) in paragraph at lines 1373--1373
[]\TU/lmtt/m/n/10 ## [1] stats     graphics  grDevices utils     datasets  methods   base[] 
 []


Overfull \hbox (38.25pt too wide) in paragraph at lines 1373--1373
[]\TU/lmtt/m/n/10 ##  [1] vctrs_0.6.5       cli_3.6.3         knitr_1.48        rlang_1.1.4[] 
 []


Overfull \hbox (59.25pt too wide) in paragraph at lines 1373--1373
[]\TU/lmtt/m/n/10 ##  [5] xfun_0.48         highr_0.11        generics_0.1.3    calibrate_1.7.7[] 
 []


Overfull \hbox (69.75pt too wide) in paragraph at lines 1373--1373
[]\TU/lmtt/m/n/10 ##  [9] labeling_0.4.3    glue_1.8.0        colorspace_2.1-1  htmltools_0.5.8.1[] 
 []


Overfull \hbox (54.0pt too wide) in paragraph at lines 1373--1373
[]\TU/lmtt/m/n/10 ## [13] tinytex_0.53      scales_1.3.0      fansi_1.0.6       rmarkdown_2.28[] 
 []


Overfull \hbox (43.5pt too wide) in paragraph at lines 1373--1373
[]\TU/lmtt/m/n/10 ## [17] grid_4.4.1        evaluate_1.0.0    munsell_0.5.1     tibble_3.2.1[] 
 []


Overfull \hbox (59.25pt too wide) in paragraph at lines 1373--1373
[]\TU/lmtt/m/n/10 ## [21] MASS_7.3-61       fastmap_1.2.0     yaml_2.3.10       lifecycle_1.0.4[] 
 []


Overfull \hbox (59.25pt too wide) in paragraph at lines 1373--1373
[]\TU/lmtt/m/n/10 ## [25] bookdown_0.40     compiler_4.4.1    dplyr_1.1.4       pkgconfig_2.0.3[] 
 []


Overfull \hbox (22.5pt too wide) in paragraph at lines 1373--1373
[]\TU/lmtt/m/n/10 ## [29] rstudioapi_0.16.0 farver_2.1.2      digest_0.6.37     R6_2.5.1[] 
 []


Overfull \hbox (54.0pt too wide) in paragraph at lines 1373--1373
[]\TU/lmtt/m/n/10 ## [33] tidyselect_1.2.1  utf8_1.2.4        pillar_1.9.0      magrittr_2.0.3[] 
 []



[34]
Chapter 3.

Underfull \hbox (badness 10000) in paragraph at lines 1389--1390

 []


Underfull \hbox (badness 10000) in paragraph at lines 1393--1394

 []



[35

]


Overfull \hbox (46.88452pt too wide) has occurred while \output is active
\TU/lmr/m/n/10 36 \TU/lmr/m/sl/10 CHAPTER 3.  PROCESSAMENTO DE DADOS PÚBLICOS DE NEUROBLASTOMA
 []

[36]
Underfull \hbox (badness 1320) in paragraph at lines 1468--1469
[]\TU/lmr/m/n/10 Vamos tentar ver se o ggplot, que usamos antes, considera a variável
 []

File: bookdown-demo_files/figure-latex/unnamed-chunk-46-1.pdf Graphic file (type pdf)
<use bookdown-demo_files/figure-latex/unnamed-chunk-46-1.pdf>


[37]
File: bookdown-demo_files/figure-latex/unnamed-chunk-47-1.pdf Graphic file (type pdf)
<use bookdown-demo_files/figure-latex/unnamed-chunk-47-1.pdf>



Overfull \hbox (46.88452pt too wide) has occurred while \output is active
\TU/lmr/m/n/10 38 \TU/lmr/m/sl/10 CHAPTER 3.  PROCESSAMENTO DE DADOS PÚBLICOS DE NEUROBLASTOMA
 []

[38]
File: bookdown-demo_files/figure-latex/unnamed-chunk-48-1.pdf Graphic file (type pdf)
<use bookdown-demo_files/figure-latex/unnamed-chunk-48-1.pdf>


[39]


Overfull \hbox (46.88452pt too wide) has occurred while \output is active
\TU/lmr/m/n/10 40 \TU/lmr/m/sl/10 CHAPTER 3.  PROCESSAMENTO DE DADOS PÚBLICOS DE NEUROBLASTOMA
 []

[40

]
Chapter 4.


[41]

[42]
File: bookdown-demo_files/figure-latex/unnamed-chunk-56-1.pdf Graphic file (type pdf)
<use bookdown-demo_files/figure-latex/unnamed-chunk-56-1.pdf>


[43]
File: bookdown-demo_files/figure-latex/unnamed-chunk-58-1.pdf Graphic file (type pdf)
<use bookdown-demo_files/figure-latex/unnamed-chunk-58-1.pdf>

Underfull \vbox (badness 1442) has occurred while \output is active []



[44]
Overfull \hbox (90.75pt too wide) in paragraph at lines 1700--1700
[]\TU/lmtt/m/n/10 ## -- Attaching core tidyverse packages ------------------------ tidyverse 2.0.0 --[] 
 []


Overfull \hbox (90.75pt too wide) in paragraph at lines 1700--1700
[]\TU/lmtt/m/n/10 ## -- Conflicts ------------------------------------------ tidyverse_conflicts() --[] 
 []


Overfull \hbox (201.0pt too wide) in paragraph at lines 1700--1700
[]\TU/lmtt/m/n/10 ## i Use the conflicted package (<http://conflicted.r-lib.org/>) to force all conflicts to become errors[] 
 []


Overfull \hbox (54.0pt too wide) in paragraph at lines 1736--1736
[]\TU/lmtt/m/n/10 ## Call []lifecycle::last_lifecycle_warnings()[] to see where this warning was[] 
 []



[45]
File: bookdown-demo_files/figure-latex/unnamed-chunk-61-1.pdf Graphic file (type pdf)
<use bookdown-demo_files/figure-latex/unnamed-chunk-61-1.pdf>
File: bookdown-demo_files/figure-latex/unnamed-chunk-61-2.pdf Graphic file (type pdf)
<use bookdown-demo_files/figure-latex/unnamed-chunk-61-2.pdf>

Underfull \vbox (badness 10000) has occurred while \output is active []



[46]
File: bookdown-demo_files/figure-latex/unnamed-chunk-63-1.pdf Graphic file (type pdf)
<use bookdown-demo_files/figure-latex/unnamed-chunk-63-1.pdf>

Underfull \vbox (badness 10000) has occurred while \output is active []



[47]

[48]
File: bookdown-demo_files/figure-latex/unnamed-chunk-66-1.pdf Graphic file (type pdf)
<use bookdown-demo_files/figure-latex/unnamed-chunk-66-1.pdf>


[49]
File: bookdown-demo_files/figure-latex/unnamed-chunk-74-1.pdf Graphic file (type pdf)
<use bookdown-demo_files/figure-latex/unnamed-chunk-74-1.pdf>

Underfull \vbox (badness 1968) has occurred while \output is active []



[50]

[51]

[52

]
Chapter 5.

Underfull \hbox (badness 10000) in paragraph at lines 1910--1911

 []


Underfull \hbox (badness 10000) in paragraph at lines 1922--1923

 []


Underfull \hbox (badness 10000) in paragraph at lines 1926--1927

 []



[53]
Underfull \hbox (badness 10000) in paragraph at lines 1946--1947

 []


Underfull \hbox (badness 10000) in paragraph at lines 1964--1965

 []


Underfull \hbox (badness 10000) in paragraph at lines 1985--1986

 []


Underfull \hbox (badness 10000) in paragraph at lines 1989--1990

 []



[54]
File: bookdown-demo_files/figure-latex/barplot-1.pdf Graphic file (type pdf)
<use bookdown-demo_files/figure-latex/barplot-1.pdf>

Underfull \hbox (badness 10000) in paragraph at lines 2004--2005

 []




Overfull \hbox (14.34233pt too wide) has occurred while \output is active
\TU/lmr/m/sl/10 5.4.  GRÁFICO DE BARRAS POR CATEGORIA DA VARIÁVEL RAÇA/COR \TU/lmr/m/n/10 55
 []

[55]
Underfull \hbox (badness 10000) in paragraph at lines 2029--2030

 []


Underfull \hbox (badness 10000) in paragraph at lines 2042--2043

 []

File: bookdown-demo_files/figure-latex/unnamed-chunk-78-1.pdf Graphic file (type pdf)
<use bookdown-demo_files/figure-latex/unnamed-chunk-78-1.pdf>

Underfull \vbox (badness 10000) has occurred while \output is active []



[56]
Underfull \hbox (badness 10000) in paragraph at lines 2056--2057

 []


Underfull \hbox (badness 10000) in paragraph at lines 2060--2061

 []


Package natbib Warning: Citation `STHTDA202408' on page 57 undefined on input line 2062.


Underfull \hbox (badness 10000) in paragraph at lines 2064--2065

 []



[57]

[58]
Underfull \hbox (badness 10000) in paragraph at lines 2149--2150

 []



[59]

[60]
Underfull \hbox (badness 10000) in paragraph at lines 2241--2242

 []


Underfull \hbox (badness 10000) in paragraph at lines 2252--2253

 []



[61]

[62]
Underfull \hbox (badness 10000) in paragraph at lines 2329--2330

 []

File: bookdown-demo_files/figure-latex/unnamed-chunk-82-1.pdf Graphic file (type pdf)
<use bookdown-demo_files/figure-latex/unnamed-chunk-82-1.pdf>

Underfull \hbox (badness 10000) in paragraph at lines 2352--2353

 []


Underfull \hbox (badness 10000) in paragraph at lines 2356--2357

 []



[63]
Overfull \hbox (85.5pt too wide) in paragraph at lines 2375--2375
[]\TU/lmtt/m/n/10 ##               CONTADOR RACACOR  DTOBITO CAUSABAS   DTNASC IDADE        YMD year[] 
 []


Overfull \hbox (85.5pt too wide) in paragraph at lines 2375--2375
[]\TU/lmtt/m/n/10 ## 876...17551        876       4 20012016     C749 10122010   405 2016-01-20 2016[] 
 []


Overfull \hbox (85.5pt too wide) in paragraph at lines 2375--2375
[]\TU/lmtt/m/n/10 ## 5811...56566    562030       1 14052018     C749 22042018   222 2018-05-14 2018[] 
 []


Overfull \hbox (85.5pt too wide) in paragraph at lines 2375--2375
[]\TU/lmtt/m/n/10 ## 8831...77296    613331       1 11062019     C749 31011964   455 2019-06-11 2019[] 
 []


Overfull \hbox (85.5pt too wide) in paragraph at lines 2375--2375
[]\TU/lmtt/m/n/10 ## 14106...82571   987213       4 01042019     C749 12021950   469 2019-04-01 2019[] 
 []


Overfull \hbox (85.5pt too wide) in paragraph at lines 2375--2375
[]\TU/lmtt/m/n/10 ## 900...87692      78999       1 08032020     C749 02042014   405 2020-03-08 2020[] 
 []


Overfull \hbox (85.5pt too wide) in paragraph at lines 2375--2375
[]\TU/lmtt/m/n/10 ## 8259...95051    470277       1 15022020     C749 21052005   414 2020-02-15 2020[] 
 []

File: bookdown-demo_files/figure-latex/unnamed-chunk-83-1.pdf Graphic file (type pdf)
<use bookdown-demo_files/figure-latex/unnamed-chunk-83-1.pdf>


[64]
Underfull \hbox (badness 10000) in paragraph at lines 2414--2415

 []


Underfull \hbox (badness 10000) in paragraph at lines 2443--2444

 []



[65]
Underfull \hbox (badness 10000) in paragraph at lines 2484--2485

 []


Underfull \hbox (badness 10000) in paragraph at lines 2508--2509

 []



[66]
Underfull \hbox (badness 10000) in paragraph at lines 2518--2519

 []



[67]
Underfull \hbox (badness 10000) in paragraph at lines 2592--2593

 []


Underfull \hbox (badness 10000) in paragraph at lines 2608--2609

 []



[68]
Underfull \hbox (badness 10000) in paragraph at lines 2619--2620

 []


Underfull \hbox (badness 10000) in paragraph at lines 2630--2631

 []

File: bookdown-demo_files/figure-latex/unnamed-chunk-91-1.pdf Graphic file (type pdf)
<use bookdown-demo_files/figure-latex/unnamed-chunk-91-1.pdf>

Underfull \hbox (badness 10000) in paragraph at lines 2644--2645

 []



[69]
File: bookdown-demo_files/figure-latex/unnamed-chunk-93-1.pdf Graphic file (type pdf)
<use bookdown-demo_files/figure-latex/unnamed-chunk-93-1.pdf>

Underfull \hbox (badness 10000) in paragraph at lines 2665--2666

 []

File: bookdown-demo_files/figure-latex/unnamed-chunk-95-1.pdf Graphic file (type pdf)
<use bookdown-demo_files/figure-latex/unnamed-chunk-95-1.pdf>

Underfull \vbox (badness 10000) has occurred while \output is active []



[70]
Underfull \hbox (badness 10000) in paragraph at lines 2686--2687

 []


Overfull \hbox (111.75pt too wide) in paragraph at lines 2708--2708
[]\TU/lmtt/m/n/10 ## Warning: Removed 10 rows containing missing values or values outside the scale range[] 
 []


Overfull \hbox (111.75pt too wide) in paragraph at lines 2713--2713
[]\TU/lmtt/m/n/10 ## Warning: Removed 10 rows containing missing values or values outside the scale range[] 
 []

File: bookdown-demo_files/figure-latex/unnamed-chunk-97-1.pdf Graphic file (type pdf)
<use bookdown-demo_files/figure-latex/unnamed-chunk-97-1.pdf>

Underfull \vbox (badness 10000) has occurred while \output is active []



[71]
Underfull \hbox (badness 10000) in paragraph at lines 2717--2718

 []

File: bookdown-demo_files/figure-latex/unnamed-chunk-99-1.pdf Graphic file (type pdf)
<use bookdown-demo_files/figure-latex/unnamed-chunk-99-1.pdf>

Underfull \vbox (badness 10000) has occurred while \output is active []



[72]
Underfull \hbox (badness 10000) in paragraph at lines 2738--2739

 []

File: bookdown-demo_files/figure-latex/unnamed-chunk-100-1.pdf Graphic file (type pdf)
<use bookdown-demo_files/figure-latex/unnamed-chunk-100-1.pdf>

Underfull \vbox (badness 10000) has occurred while \output is active []



[73]
Underfull \hbox (badness 10000) in paragraph at lines 2751--2752

 []

File: bookdown-demo_files/figure-latex/unnamed-chunk-101-1.pdf Graphic file (type pdf)
<use bookdown-demo_files/figure-latex/unnamed-chunk-101-1.pdf>

Underfull \vbox (badness 10000) has occurred while \output is active []



[74]

[75]

[76

]
Chapter 6.
(./bookdown-demo.bbl

[77]

[78

]

Package natbib Warning: Empty `thebibliography' environment on input line 3.

)

Package natbib Warning: There were undefined citations.



[79] (./bookdown-demo.aux)
 ***********
LaTeX2e <2024-11-01> patch level 1
L3 programming layer <2024-12-25>
 ***********
 ) 
Here is how much of TeX's memory you used:
 19693 strings out of 475884
 374656 string characters out of 5774253
 940109 words of memory out of 5000000
 42283 multiletter control sequences out of 15000+600000
 564552 words of font info for 93 fonts, out of 8000000 for 9000
 14 hyphenation exceptions out of 8191
 90i,6n,123p,1010b,737s stack positions out of 10000i,1000n,20000p,200000b,200000s

Output written on bookdown-demo.pdf (79 pages).
